[ 2017-10-30T20:40:02+08:00 ] ::1 /studentSystem/
INFO: [ app_init ] --START--
INFO: Run Behavior\BuildLiteBehavior [ RunTime:0.000000s ]
INFO: [ app_init ] --END-- [ RunTime:0.000000s ]
INFO: [ app_begin ] --START--
INFO: Run Behavior\ReadHtmlCacheBehavior [ RunTime:0.001000s ]
INFO: [ app_begin ] --END-- [ RunTime:0.001000s ]
SQL: SHOW COLUMNS FROM `userinfo` [ RunTime:0.0040s ]
SQL: SELECT * FROM `userinfo` ORDER BY id desc LIMIT 10   [ RunTime:0.0000s ]
INFO: [ view_parse ] --START--
INFO: [ template_filter ] --START--
INFO: Run Behavior\ContentReplaceBehavior [ RunTime:0.000000s ]
INFO: [ template_filter ] --END-- [ RunTime:0.000000s ]
NOTIC: [8] Undefined index: email F:\phpStudy\WWW\studentSystem\Application\Runtime\Cache\Home\2a94b8bda04ff446dcedd42276fc99ee.php 第 49 行.
NOTIC: [8] Undefined index: email F:\phpStudy\WWW\studentSystem\Application\Runtime\Cache\Home\2a94b8bda04ff446dcedd42276fc99ee.php 第 49 行.
NOTIC: [8] Undefined index: email F:\phpStudy\WWW\studentSystem\Application\Runtime\Cache\Home\2a94b8bda04ff446dcedd42276fc99ee.php 第 49 行.
INFO: Run Behavior\ParseTemplateBehavior [ RunTime:0.008001s ]
INFO: [ view_parse ] --END-- [ RunTime:0.008001s ]
INFO: [ view_filter ] --START--
INFO: Run Behavior\WriteHtmlCacheBehavior [ RunTime:0.000000s ]
INFO: [ view_filter ] --END-- [ RunTime:0.000000s ]
INFO: [ app_end ] --START--
INFO: Run Behavior\ShowPageTraceBehavior [ RunTime:0.000000s ]
INFO: [ app_end ] --END-- [ RunTime:0.000000s ]

[ 2017-10-30T20:40:56+08:00 ] ::1 /studentSystem/
INFO: [ app_init ] --START--
INFO: Run Behavior\BuildLiteBehavior [ RunTime:0.000000s ]
INFO: [ app_init ] --END-- [ RunTime:0.000000s ]
INFO: [ app_begin ] --START--
INFO: Run Behavior\ReadHtmlCacheBehavior [ RunTime:0.000000s ]
INFO: [ app_begin ] --END-- [ RunTime:0.000000s ]
SQL: SHOW COLUMNS FROM `userinfo` [ RunTime:0.0040s ]
ERR: Think\Model:relation方法不存在！

[ 2017-10-30T20:41:09+08:00 ] ::1 /studentSystem/
INFO: [ app_init ] --START--
INFO: Run Behavior\BuildLiteBehavior [ RunTime:0.000000s ]
INFO: [ app_init ] --END-- [ RunTime:0.000000s ]
INFO: [ app_begin ] --START--
INFO: Run Behavior\ReadHtmlCacheBehavior [ RunTime:0.000000s ]
INFO: [ app_begin ] --END-- [ RunTime:0.000000s ]
SQL: SHOW COLUMNS FROM `userinfo` [ RunTime:0.0040s ]
SQL: SELECT * FROM `userinfo` ORDER BY id desc LIMIT 10   [ RunTime:0.0000s ]
SQL: SHOW COLUMNS FROM `archives` [ RunTime:0.0030s ]
NOTIC: [8] Undefined index: Id F:\phpStudy\WWW\studentSystem\ThinkPHP\Library\Think\Model\RelationModel.class.php 第 147 行.
SQL: SELECT * FROM `archives` WHERE ( 1=1 AND userId='' ) LIMIT 1   [ RunTime:0.0130s ]
NOTIC: [8] Undefined index: Id F:\phpStudy\WWW\studentSystem\ThinkPHP\Library\Think\Model\RelationModel.class.php 第 147 行.
SQL: SELECT * FROM `archives` WHERE ( 1=1 AND userId='' ) LIMIT 1   [ RunTime:0.0010s ]
NOTIC: [8] Undefined index: Id F:\phpStudy\WWW\studentSystem\ThinkPHP\Library\Think\Model\RelationModel.class.php 第 147 行.
SQL: SELECT * FROM `archives` WHERE ( 1=1 AND userId='' ) LIMIT 1   [ RunTime:0.0000s ]
INFO: [ view_parse ] --START--
INFO: [ template_filter ] --START--
INFO: Run Behavior\ContentReplaceBehavior [ RunTime:0.000000s ]
INFO: [ template_filter ] --END-- [ RunTime:0.000000s ]
INFO: Run Behavior\ParseTemplateBehavior [ RunTime:0.006000s ]
INFO: [ view_parse ] --END-- [ RunTime:0.006000s ]
INFO: [ view_filter ] --START--
INFO: Run Behavior\WriteHtmlCacheBehavior [ RunTime:0.000000s ]
INFO: [ view_filter ] --END-- [ RunTime:0.000000s ]
INFO: [ app_end ] --START--
INFO: Run Behavior\ShowPageTraceBehavior [ RunTime:0.000000s ]
INFO: [ app_end ] --END-- [ RunTime:0.000000s ]

[ 2017-10-30T20:41:10+08:00 ] ::1 /studentSystem/
INFO: [ app_init ] --START--
INFO: Run Behavior\BuildLiteBehavior [ RunTime:0.000000s ]
INFO: [ app_init ] --END-- [ RunTime:0.001000s ]
INFO: [ app_begin ] --START--
INFO: Run Behavior\ReadHtmlCacheBehavior [ RunTime:0.001000s ]
INFO: [ app_begin ] --END-- [ RunTime:0.001000s ]
SQL: SHOW COLUMNS FROM `userinfo` [ RunTime:0.0050s ]
SQL: SELECT * FROM `userinfo` ORDER BY id desc LIMIT 10   [ RunTime:0.0000s ]
SQL: SHOW COLUMNS FROM `archives` [ RunTime:0.0040s ]
NOTIC: [8] Undefined index: Id F:\phpStudy\WWW\studentSystem\ThinkPHP\Library\Think\Model\RelationModel.class.php 第 147 行.
SQL: SELECT * FROM `archives` WHERE ( 1=1 AND userId='' ) LIMIT 1   [ RunTime:0.0000s ]
NOTIC: [8] Undefined index: Id F:\phpStudy\WWW\studentSystem\ThinkPHP\Library\Think\Model\RelationModel.class.php 第 147 行.
SQL: SELECT * FROM `archives` WHERE ( 1=1 AND userId='' ) LIMIT 1   [ RunTime:0.0010s ]
NOTIC: [8] Undefined index: Id F:\phpStudy\WWW\studentSystem\ThinkPHP\Library\Think\Model\RelationModel.class.php 第 147 行.
SQL: SELECT * FROM `archives` WHERE ( 1=1 AND userId='' ) LIMIT 1   [ RunTime:0.0000s ]
INFO: [ view_parse ] --START--
INFO: [ template_filter ] --START--
INFO: Run Behavior\ContentReplaceBehavior [ RunTime:0.000000s ]
INFO: [ template_filter ] --END-- [ RunTime:0.000000s ]
INFO: Run Behavior\ParseTemplateBehavior [ RunTime:0.006000s ]
INFO: [ view_parse ] --END-- [ RunTime:0.006000s ]
INFO: [ view_filter ] --START--
INFO: Run Behavior\WriteHtmlCacheBehavior [ RunTime:0.000000s ]
INFO: [ view_filter ] --END-- [ RunTime:0.000000s ]
INFO: [ app_end ] --START--
INFO: Run Behavior\ShowPageTraceBehavior [ RunTime:0.001000s ]
INFO: [ app_end ] --END-- [ RunTime:0.001000s ]

[ 2017-10-30T20:41:10+08:00 ] ::1 /studentSystem/
INFO: [ app_init ] --START--
INFO: Run Behavior\BuildLiteBehavior [ RunTime:0.000000s ]
INFO: [ app_init ] --END-- [ RunTime:0.000000s ]
INFO: [ app_begin ] --START--
INFO: Run Behavior\ReadHtmlCacheBehavior [ RunTime:0.001000s ]
INFO: [ app_begin ] --END-- [ RunTime:0.001000s ]
SQL: SHOW COLUMNS FROM `userinfo` [ RunTime:0.0040s ]
SQL: SELECT * FROM `userinfo` ORDER BY id desc LIMIT 10   [ RunTime:0.0000s ]
SQL: SHOW COLUMNS FROM `archives` [ RunTime:0.0040s ]
NOTIC: [8] Undefined index: Id F:\phpStudy\WWW\studentSystem\ThinkPHP\Library\Think\Model\RelationModel.class.php 第 147 行.
SQL: SELECT * FROM `archives` WHERE ( 1=1 AND userId='' ) LIMIT 1   [ RunTime:0.0000s ]
NOTIC: [8] Undefined index: Id F:\phpStudy\WWW\studentSystem\ThinkPHP\Library\Think\Model\RelationModel.class.php 第 147 行.
SQL: SELECT * FROM `archives` WHERE ( 1=1 AND userId='' ) LIMIT 1   [ RunTime:0.0000s ]
NOTIC: [8] Undefined index: Id F:\phpStudy\WWW\studentSystem\ThinkPHP\Library\Think\Model\RelationModel.class.php 第 147 行.
SQL: SELECT * FROM `archives` WHERE ( 1=1 AND userId='' ) LIMIT 1   [ RunTime:0.0010s ]
INFO: [ view_parse ] --START--
INFO: [ template_filter ] --START--
INFO: Run Behavior\ContentReplaceBehavior [ RunTime:0.000000s ]
INFO: [ template_filter ] --END-- [ RunTime:0.000000s ]
INFO: Run Behavior\ParseTemplateBehavior [ RunTime:0.005000s ]
INFO: [ view_parse ] --END-- [ RunTime:0.006000s ]
INFO: [ view_filter ] --START--
INFO: Run Behavior\WriteHtmlCacheBehavior [ RunTime:0.000000s ]
INFO: [ view_filter ] --END-- [ RunTime:0.000000s ]
INFO: [ app_end ] --START--
INFO: Run Behavior\ShowPageTraceBehavior [ RunTime:0.000000s ]
INFO: [ app_end ] --END-- [ RunTime:0.000000s ]

[ 2017-10-30T20:41:11+08:00 ] ::1 /studentSystem/
INFO: [ app_init ] --START--
INFO: Run Behavior\BuildLiteBehavior [ RunTime:0.000000s ]
INFO: [ app_init ] --END-- [ RunTime:0.000000s ]
INFO: [ app_begin ] --START--
INFO: Run Behavior\ReadHtmlCacheBehavior [ RunTime:0.001000s ]
INFO: [ app_begin ] --END-- [ RunTime:0.001000s ]
SQL: SHOW COLUMNS FROM `userinfo` [ RunTime:0.0040s ]
SQL: SELECT * FROM `userinfo` ORDER BY id desc LIMIT 10   [ RunTime:0.0000s ]
SQL: SHOW COLUMNS FROM `archives` [ RunTime:0.0030s ]
NOTIC: [8] Undefined index: Id F:\phpStudy\WWW\studentSystem\ThinkPHP\Library\Think\Model\RelationModel.class.php 第 147 行.
SQL: SELECT * FROM `archives` WHERE ( 1=1 AND userId='' ) LIMIT 1   [ RunTime:0.0000s ]
NOTIC: [8] Undefined index: Id F:\phpStudy\WWW\studentSystem\ThinkPHP\Library\Think\Model\RelationModel.class.php 第 147 行.
SQL: SELECT * FROM `archives` WHERE ( 1=1 AND userId='' ) LIMIT 1   [ RunTime:0.0000s ]
NOTIC: [8] Undefined index: Id F:\phpStudy\WWW\studentSystem\ThinkPHP\Library\Think\Model\RelationModel.class.php 第 147 行.
SQL: SELECT * FROM `archives` WHERE ( 1=1 AND userId='' ) LIMIT 1   [ RunTime:0.0000s ]
INFO: [ view_parse ] --START--
INFO: [ template_filter ] --START--
INFO: Run Behavior\ContentReplaceBehavior [ RunTime:0.000000s ]
INFO: [ template_filter ] --END-- [ RunTime:0.001000s ]
INFO: Run Behavior\ParseTemplateBehavior [ RunTime:0.006000s ]
INFO: [ view_parse ] --END-- [ RunTime:0.006000s ]
INFO: [ view_filter ] --START--
INFO: Run Behavior\WriteHtmlCacheBehavior [ RunTime:0.000000s ]
INFO: [ view_filter ] --END-- [ RunTime:0.000000s ]
INFO: [ app_end ] --START--
INFO: Run Behavior\ShowPageTraceBehavior [ RunTime:0.001001s ]
INFO: [ app_end ] --END-- [ RunTime:0.001001s ]

[ 2017-10-30T20:41:11+08:00 ] ::1 /studentSystem/
INFO: [ app_init ] --START--
INFO: Run Behavior\BuildLiteBehavior [ RunTime:0.000000s ]
INFO: [ app_init ] --END-- [ RunTime:0.000000s ]
INFO: [ app_begin ] --START--
INFO: Run Behavior\ReadHtmlCacheBehavior [ RunTime:0.000000s ]
INFO: [ app_begin ] --END-- [ RunTime:0.001000s ]
SQL: SHOW COLUMNS FROM `userinfo` [ RunTime:0.0040s ]
SQL: SELECT * FROM `userinfo` ORDER BY id desc LIMIT 10   [ RunTime:0.0000s ]
SQL: SHOW COLUMNS FROM `archives` [ RunTime:0.0040s ]
NOTIC: [8] Undefined index: Id F:\phpStudy\WWW\studentSystem\ThinkPHP\Library\Think\Model\RelationModel.class.php 第 147 行.
SQL: SELECT * FROM `archives` WHERE ( 1=1 AND userId='' ) LIMIT 1   [ RunTime:0.0000s ]
NOTIC: [8] Undefined index: Id F:\phpStudy\WWW\studentSystem\ThinkPHP\Library\Think\Model\RelationModel.class.php 第 147 行.
SQL: SELECT * FROM `archives` WHERE ( 1=1 AND userId='' ) LIMIT 1   [ RunTime:0.0000s ]
NOTIC: [8] Undefined index: Id F:\phpStudy\WWW\studentSystem\ThinkPHP\Library\Think\Model\RelationModel.class.php 第 147 行.
SQL: SELECT * FROM `archives` WHERE ( 1=1 AND userId='' ) LIMIT 1   [ RunTime:0.0000s ]
INFO: [ view_parse ] --START--
INFO: [ template_filter ] --START--
INFO: Run Behavior\ContentReplaceBehavior [ RunTime:0.000000s ]
INFO: [ template_filter ] --END-- [ RunTime:0.000000s ]
INFO: Run Behavior\ParseTemplateBehavior [ RunTime:0.004000s ]
INFO: [ view_parse ] --END-- [ RunTime:0.004000s ]
INFO: [ view_filter ] --START--
INFO: Run Behavior\WriteHtmlCacheBehavior [ RunTime:0.001000s ]
INFO: [ view_filter ] --END-- [ RunTime:0.001000s ]
INFO: [ app_end ] --START--
INFO: Run Behavior\ShowPageTraceBehavior [ RunTime:0.000000s ]
INFO: [ app_end ] --END-- [ RunTime:0.000000s ]

[ 2017-10-30T20:41:30+08:00 ] ::1 /studentSystem/
INFO: [ app_init ] --START--
INFO: Run Behavior\BuildLiteBehavior [ RunTime:0.000000s ]
INFO: [ app_init ] --END-- [ RunTime:0.001000s ]
INFO: [ app_begin ] --START--
INFO: Run Behavior\ReadHtmlCacheBehavior [ RunTime:0.000000s ]
INFO: [ app_begin ] --END-- [ RunTime:0.001000s ]
SQL: SHOW COLUMNS FROM `userinfo` [ RunTime:0.0040s ]
SQL: SELECT * FROM `userinfo` ORDER BY id desc LIMIT 10   [ RunTime:0.0000s ]
SQL: SHOW COLUMNS FROM `archives` [ RunTime:0.0030s ]
NOTIC: [8] Undefined index: Id F:\phpStudy\WWW\studentSystem\ThinkPHP\Library\Think\Model\RelationModel.class.php 第 147 行.
SQL: SELECT * FROM `archives` WHERE ( 1=1 AND userId='' ) LIMIT 1   [ RunTime:0.0000s ]
NOTIC: [8] Undefined index: Id F:\phpStudy\WWW\studentSystem\ThinkPHP\Library\Think\Model\RelationModel.class.php 第 147 行.
SQL: SELECT * FROM `archives` WHERE ( 1=1 AND userId='' ) LIMIT 1   [ RunTime:0.0000s ]
NOTIC: [8] Undefined index: Id F:\phpStudy\WWW\studentSystem\ThinkPHP\Library\Think\Model\RelationModel.class.php 第 147 行.
SQL: SELECT * FROM `archives` WHERE ( 1=1 AND userId='' ) LIMIT 1   [ RunTime:0.0000s ]
INFO: [ view_parse ] --START--
INFO: [ template_filter ] --START--
INFO: Run Behavior\ContentReplaceBehavior [ RunTime:0.000000s ]
INFO: [ template_filter ] --END-- [ RunTime:0.000000s ]
INFO: Run Behavior\ParseTemplateBehavior [ RunTime:0.005000s ]
INFO: [ view_parse ] --END-- [ RunTime:0.005000s ]
INFO: [ view_filter ] --START--
INFO: Run Behavior\WriteHtmlCacheBehavior [ RunTime:0.000000s ]
INFO: [ view_filter ] --END-- [ RunTime:0.000000s ]
INFO: [ app_end ] --START--
INFO: Run Behavior\ShowPageTraceBehavior [ RunTime:0.001000s ]
INFO: [ app_end ] --END-- [ RunTime:0.001000s ]

[ 2017-10-30T20:41:31+08:00 ] ::1 /studentSystem/
INFO: [ app_init ] --START--
INFO: Run Behavior\BuildLiteBehavior [ RunTime:0.000000s ]
INFO: [ app_init ] --END-- [ RunTime:0.000000s ]
INFO: [ app_begin ] --START--
INFO: Run Behavior\ReadHtmlCacheBehavior [ RunTime:0.001001s ]
INFO: [ app_begin ] --END-- [ RunTime:0.001001s ]
SQL: SHOW COLUMNS FROM `userinfo` [ RunTime:0.0040s ]
SQL: SELECT * FROM `userinfo` ORDER BY id desc LIMIT 10   [ RunTime:0.0000s ]
SQL: SHOW COLUMNS FROM `archives` [ RunTime:0.0040s ]
NOTIC: [8] Undefined index: Id F:\phpStudy\WWW\studentSystem\ThinkPHP\Library\Think\Model\RelationModel.class.php 第 147 行.
SQL: SELECT * FROM `archives` WHERE ( 1=1 AND userId='' ) LIMIT 1   [ RunTime:0.0000s ]
NOTIC: [8] Undefined index: Id F:\phpStudy\WWW\studentSystem\ThinkPHP\Library\Think\Model\RelationModel.class.php 第 147 行.
SQL: SELECT * FROM `archives` WHERE ( 1=1 AND userId='' ) LIMIT 1   [ RunTime:0.0000s ]
NOTIC: [8] Undefined index: Id F:\phpStudy\WWW\studentSystem\ThinkPHP\Library\Think\Model\RelationModel.class.php 第 147 行.
SQL: SELECT * FROM `archives` WHERE ( 1=1 AND userId='' ) LIMIT 1   [ RunTime:0.0010s ]
INFO: [ view_parse ] --START--
INFO: [ template_filter ] --START--
INFO: Run Behavior\ContentReplaceBehavior [ RunTime:0.000000s ]
INFO: [ template_filter ] --END-- [ RunTime:0.000000s ]
INFO: Run Behavior\ParseTemplateBehavior [ RunTime:0.005000s ]
INFO: [ view_parse ] --END-- [ RunTime:0.005000s ]
INFO: [ view_filter ] --START--
INFO: Run Behavior\WriteHtmlCacheBehavior [ RunTime:0.001000s ]
INFO: [ view_filter ] --END-- [ RunTime:0.001000s ]
INFO: [ app_end ] --START--
INFO: Run Behavior\ShowPageTraceBehavior [ RunTime:0.000000s ]
INFO: [ app_end ] --END-- [ RunTime:0.001000s ]

[ 2017-10-30T20:41:32+08:00 ] ::1 /studentSystem/
INFO: [ app_init ] --START--
INFO: Run Behavior\BuildLiteBehavior [ RunTime:0.000000s ]
INFO: [ app_init ] --END-- [ RunTime:0.001000s ]
INFO: [ app_begin ] --START--
INFO: Run Behavior\ReadHtmlCacheBehavior [ RunTime:0.000000s ]
INFO: [ app_begin ] --END-- [ RunTime:0.000000s ]
SQL: SHOW COLUMNS FROM `userinfo` [ RunTime:0.0040s ]
SQL: SELECT * FROM `userinfo` ORDER BY id desc LIMIT 10   [ RunTime:0.0000s ]
SQL: SHOW COLUMNS FROM `archives` [ RunTime:0.0040s ]
NOTIC: [8] Undefined index: Id F:\phpStudy\WWW\studentSystem\ThinkPHP\Library\Think\Model\RelationModel.class.php 第 147 行.
SQL: SELECT * FROM `archives` WHERE ( 1=1 AND userId='' ) LIMIT 1   [ RunTime:0.0000s ]
NOTIC: [8] Undefined index: Id F:\phpStudy\WWW\studentSystem\ThinkPHP\Library\Think\Model\RelationModel.class.php 第 147 行.
SQL: SELECT * FROM `archives` WHERE ( 1=1 AND userId='' ) LIMIT 1   [ RunTime:0.0000s ]
NOTIC: [8] Undefined index: Id F:\phpStudy\WWW\studentSystem\ThinkPHP\Library\Think\Model\RelationModel.class.php 第 147 行.
SQL: SELECT * FROM `archives` WHERE ( 1=1 AND userId='' ) LIMIT 1   [ RunTime:0.0000s ]
INFO: [ view_parse ] --START--
INFO: [ template_filter ] --START--
INFO: Run Behavior\ContentReplaceBehavior [ RunTime:0.000000s ]
INFO: [ template_filter ] --END-- [ RunTime:0.000000s ]
INFO: Run Behavior\ParseTemplateBehavior [ RunTime:0.004000s ]
INFO: [ view_parse ] --END-- [ RunTime:0.004000s ]
INFO: [ view_filter ] --START--
INFO: Run Behavior\WriteHtmlCacheBehavior [ RunTime:0.001000s ]
INFO: [ view_filter ] --END-- [ RunTime:0.001000s ]
INFO: [ app_end ] --START--
INFO: Run Behavior\ShowPageTraceBehavior [ RunTime:0.000000s ]
INFO: [ app_end ] --END-- [ RunTime:0.000000s ]

[ 2017-10-30T20:41:32+08:00 ] ::1 /studentSystem/
INFO: [ app_init ] --START--
INFO: Run Behavior\BuildLiteBehavior [ RunTime:0.000000s ]
INFO: [ app_init ] --END-- [ RunTime:0.001000s ]
INFO: [ app_begin ] --START--
INFO: Run Behavior\ReadHtmlCacheBehavior [ RunTime:0.000000s ]
INFO: [ app_begin ] --END-- [ RunTime:0.000000s ]
SQL: SHOW COLUMNS FROM `userinfo` [ RunTime:0.0040s ]
SQL: SELECT * FROM `userinfo` ORDER BY id desc LIMIT 10   [ RunTime:0.0000s ]
SQL: SHOW COLUMNS FROM `archives` [ RunTime:0.0040s ]
NOTIC: [8] Undefined index: Id F:\phpStudy\WWW\studentSystem\ThinkPHP\Library\Think\Model\RelationModel.class.php 第 147 行.
SQL: SELECT * FROM `archives` WHERE ( 1=1 AND userId='' ) LIMIT 1   [ RunTime:0.0000s ]
NOTIC: [8] Undefined index: Id F:\phpStudy\WWW\studentSystem\ThinkPHP\Library\Think\Model\RelationModel.class.php 第 147 行.
SQL: SELECT * FROM `archives` WHERE ( 1=1 AND userId='' ) LIMIT 1   [ RunTime:0.0010s ]
NOTIC: [8] Undefined index: Id F:\phpStudy\WWW\studentSystem\ThinkPHP\Library\Think\Model\RelationModel.class.php 第 147 行.
SQL: SELECT * FROM `archives` WHERE ( 1=1 AND userId='' ) LIMIT 1   [ RunTime:0.0000s ]
INFO: [ view_parse ] --START--
INFO: [ template_filter ] --START--
INFO: Run Behavior\ContentReplaceBehavior [ RunTime:0.000000s ]
INFO: [ template_filter ] --END-- [ RunTime:0.000000s ]
INFO: Run Behavior\ParseTemplateBehavior [ RunTime:0.006001s ]
INFO: [ view_parse ] --END-- [ RunTime:0.006001s ]
INFO: [ view_filter ] --START--
INFO: Run Behavior\WriteHtmlCacheBehavior [ RunTime:0.000000s ]
INFO: [ view_filter ] --END-- [ RunTime:0.000000s ]
INFO: [ app_end ] --START--
INFO: Run Behavior\ShowPageTraceBehavior [ RunTime:0.001000s ]
INFO: [ app_end ] --END-- [ RunTime:0.001000s ]

[ 2017-10-30T20:41:32+08:00 ] ::1 /studentSystem/
INFO: [ app_init ] --START--
INFO: Run Behavior\BuildLiteBehavior [ RunTime:0.000000s ]
INFO: [ app_init ] --END-- [ RunTime:0.000000s ]
INFO: [ app_begin ] --START--
INFO: Run Behavior\ReadHtmlCacheBehavior [ RunTime:0.001000s ]
INFO: [ app_begin ] --END-- [ RunTime:0.001000s ]
SQL: SHOW COLUMNS FROM `userinfo` [ RunTime:0.0040s ]
SQL: SELECT * FROM `userinfo` ORDER BY id desc LIMIT 10   [ RunTime:0.0010s ]
SQL: SHOW COLUMNS FROM `archives` [ RunTime:0.0040s ]
NOTIC: [8] Undefined index: Id F:\phpStudy\WWW\studentSystem\ThinkPHP\Library\Think\Model\RelationModel.class.php 第 147 行.
SQL: SELECT * FROM `archives` WHERE ( 1=1 AND userId='' ) LIMIT 1   [ RunTime:0.0000s ]
NOTIC: [8] Undefined index: Id F:\phpStudy\WWW\studentSystem\ThinkPHP\Library\Think\Model\RelationModel.class.php 第 147 行.
SQL: SELECT * FROM `archives` WHERE ( 1=1 AND userId='' ) LIMIT 1   [ RunTime:0.0000s ]
NOTIC: [8] Undefined index: Id F:\phpStudy\WWW\studentSystem\ThinkPHP\Library\Think\Model\RelationModel.class.php 第 147 行.
SQL: SELECT * FROM `archives` WHERE ( 1=1 AND userId='' ) LIMIT 1   [ RunTime:0.0000s ]
INFO: [ view_parse ] --START--
INFO: [ template_filter ] --START--
INFO: Run Behavior\ContentReplaceBehavior [ RunTime:0.000000s ]
INFO: [ template_filter ] --END-- [ RunTime:0.000000s ]
INFO: Run Behavior\ParseTemplateBehavior [ RunTime:0.005000s ]
INFO: [ view_parse ] --END-- [ RunTime:0.005000s ]
INFO: [ view_filter ] --START--
INFO: Run Behavior\WriteHtmlCacheBehavior [ RunTime:0.000000s ]
INFO: [ view_filter ] --END-- [ RunTime:0.000000s ]
INFO: [ app_end ] --START--
INFO: Run Behavior\ShowPageTraceBehavior [ RunTime:0.000000s ]
INFO: [ app_end ] --END-- [ RunTime:0.000000s ]

[ 2017-10-30T20:41:32+08:00 ] ::1 /studentSystem/
INFO: [ app_init ] --START--
INFO: Run Behavior\BuildLiteBehavior [ RunTime:0.000000s ]
INFO: [ app_init ] --END-- [ RunTime:0.000000s ]
INFO: [ app_begin ] --START--
INFO: Run Behavior\ReadHtmlCacheBehavior [ RunTime:0.000000s ]
INFO: [ app_begin ] --END-- [ RunTime:0.000000s ]
SQL: SHOW COLUMNS FROM `userinfo` [ RunTime:0.0040s ]
SQL: SELECT * FROM `userinfo` ORDER BY id desc LIMIT 10   [ RunTime:0.0010s ]
SQL: SHOW COLUMNS FROM `archives` [ RunTime:0.0040s ]
NOTIC: [8] Undefined index: Id F:\phpStudy\WWW\studentSystem\ThinkPHP\Library\Think\Model\RelationModel.class.php 第 147 行.
SQL: SELECT * FROM `archives` WHERE ( 1=1 AND userId='' ) LIMIT 1   [ RunTime:0.0000s ]
NOTIC: [8] Undefined index: Id F:\phpStudy\WWW\studentSystem\ThinkPHP\Library\Think\Model\RelationModel.class.php 第 147 行.
SQL: SELECT * FROM `archives` WHERE ( 1=1 AND userId='' ) LIMIT 1   [ RunTime:0.0000s ]
NOTIC: [8] Undefined index: Id F:\phpStudy\WWW\studentSystem\ThinkPHP\Library\Think\Model\RelationModel.class.php 第 147 行.
SQL: SELECT * FROM `archives` WHERE ( 1=1 AND userId='' ) LIMIT 1   [ RunTime:0.0000s ]
INFO: [ view_parse ] --START--
INFO: [ template_filter ] --START--
INFO: Run Behavior\ContentReplaceBehavior [ RunTime:0.000000s ]
INFO: [ template_filter ] --END-- [ RunTime:0.000000s ]
INFO: Run Behavior\ParseTemplateBehavior [ RunTime:0.004000s ]
INFO: [ view_parse ] --END-- [ RunTime:0.004000s ]
INFO: [ view_filter ] --START--
INFO: Run Behavior\WriteHtmlCacheBehavior [ RunTime:0.001000s ]
INFO: [ view_filter ] --END-- [ RunTime:0.001000s ]
INFO: [ app_end ] --START--
INFO: Run Behavior\ShowPageTraceBehavior [ RunTime:0.000000s ]
INFO: [ app_end ] --END-- [ RunTime:0.000000s ]

[ 2017-10-30T20:41:32+08:00 ] ::1 /studentSystem/
INFO: [ app_init ] --START--
INFO: Run Behavior\BuildLiteBehavior [ RunTime:0.000000s ]
INFO: [ app_init ] --END-- [ RunTime:0.000000s ]
INFO: [ app_begin ] --START--
INFO: Run Behavior\ReadHtmlCacheBehavior [ RunTime:0.000000s ]
INFO: [ app_begin ] --END-- [ RunTime:0.001000s ]
SQL: SHOW COLUMNS FROM `userinfo` [ RunTime:0.0040s ]
SQL: SELECT * FROM `userinfo` ORDER BY id desc LIMIT 10   [ RunTime:0.0000s ]
SQL: SHOW COLUMNS FROM `archives` [ RunTime:0.0030s ]
NOTIC: [8] Undefined index: Id F:\phpStudy\WWW\studentSystem\ThinkPHP\Library\Think\Model\RelationModel.class.php 第 147 行.
SQL: SELECT * FROM `archives` WHERE ( 1=1 AND userId='' ) LIMIT 1   [ RunTime:0.0000s ]
NOTIC: [8] Undefined index: Id F:\phpStudy\WWW\studentSystem\ThinkPHP\Library\Think\Model\RelationModel.class.php 第 147 行.
SQL: SELECT * FROM `archives` WHERE ( 1=1 AND userId='' ) LIMIT 1   [ RunTime:0.0000s ]
NOTIC: [8] Undefined index: Id F:\phpStudy\WWW\studentSystem\ThinkPHP\Library\Think\Model\RelationModel.class.php 第 147 行.
SQL: SELECT * FROM `archives` WHERE ( 1=1 AND userId='' ) LIMIT 1   [ RunTime:0.0000s ]
INFO: [ view_parse ] --START--
INFO: [ template_filter ] --START--
INFO: Run Behavior\ContentReplaceBehavior [ RunTime:0.000000s ]
INFO: [ template_filter ] --END-- [ RunTime:0.000000s ]
INFO: Run Behavior\ParseTemplateBehavior [ RunTime:0.005000s ]
INFO: [ view_parse ] --END-- [ RunTime:0.005000s ]
INFO: [ view_filter ] --START--
INFO: Run Behavior\WriteHtmlCacheBehavior [ RunTime:0.000000s ]
INFO: [ view_filter ] --END-- [ RunTime:0.000000s ]
INFO: [ app_end ] --START--
INFO: Run Behavior\ShowPageTraceBehavior [ RunTime:0.001000s ]
INFO: [ app_end ] --END-- [ RunTime:0.001000s ]

[ 2017-10-30T20:41:33+08:00 ] ::1 /studentSystem/
INFO: [ app_init ] --START--
INFO: Run Behavior\BuildLiteBehavior [ RunTime:0.000000s ]
INFO: [ app_init ] --END-- [ RunTime:0.000000s ]
INFO: [ app_begin ] --START--
INFO: Run Behavior\ReadHtmlCacheBehavior [ RunTime:0.000000s ]
INFO: [ app_begin ] --END-- [ RunTime:0.000000s ]
SQL: SHOW COLUMNS FROM `userinfo` [ RunTime:0.0040s ]
SQL: SELECT * FROM `userinfo` ORDER BY id desc LIMIT 10   [ RunTime:0.0010s ]
SQL: SHOW COLUMNS FROM `archives` [ RunTime:0.0040s ]
NOTIC: [8] Undefined index: Id F:\phpStudy\WWW\studentSystem\ThinkPHP\Library\Think\Model\RelationModel.class.php 第 147 行.
SQL: SELECT * FROM `archives` WHERE ( 1=1 AND userId='' ) LIMIT 1   [ RunTime:0.0000s ]
NOTIC: [8] Undefined index: Id F:\phpStudy\WWW\studentSystem\ThinkPHP\Library\Think\Model\RelationModel.class.php 第 147 行.
SQL: SELECT * FROM `archives` WHERE ( 1=1 AND userId='' ) LIMIT 1   [ RunTime:0.0000s ]
NOTIC: [8] Undefined index: Id F:\phpStudy\WWW\studentSystem\ThinkPHP\Library\Think\Model\RelationModel.class.php 第 147 行.
SQL: SELECT * FROM `archives` WHERE ( 1=1 AND userId='' ) LIMIT 1   [ RunTime:0.0010s ]
INFO: [ view_parse ] --START--
INFO: [ template_filter ] --START--
INFO: Run Behavior\ContentReplaceBehavior [ RunTime:0.000000s ]
INFO: [ template_filter ] --END-- [ RunTime:0.000000s ]
INFO: Run Behavior\ParseTemplateBehavior [ RunTime:0.005000s ]
INFO: [ view_parse ] --END-- [ RunTime:0.005000s ]
INFO: [ view_filter ] --START--
INFO: Run Behavior\WriteHtmlCacheBehavior [ RunTime:0.001000s ]
INFO: [ view_filter ] --END-- [ RunTime:0.001000s ]
INFO: [ app_end ] --START--
INFO: Run Behavior\ShowPageTraceBehavior [ RunTime:0.000000s ]
INFO: [ app_end ] --END-- [ RunTime:0.000000s ]

[ 2017-10-30T20:41:33+08:00 ] ::1 /studentSystem/
INFO: [ app_init ] --START--
INFO: Run Behavior\BuildLiteBehavior [ RunTime:0.000000s ]
INFO: [ app_init ] --END-- [ RunTime:0.000000s ]
INFO: [ app_begin ] --START--
INFO: Run Behavior\ReadHtmlCacheBehavior [ RunTime:0.000000s ]
INFO: [ app_begin ] --END-- [ RunTime:0.000000s ]
SQL: SHOW COLUMNS FROM `userinfo` [ RunTime:0.0040s ]
SQL: SELECT * FROM `userinfo` ORDER BY id desc LIMIT 10   [ RunTime:0.0010s ]
SQL: SHOW COLUMNS FROM `archives` [ RunTime:0.0040s ]
NOTIC: [8] Undefined index: Id F:\phpStudy\WWW\studentSystem\ThinkPHP\Library\Think\Model\RelationModel.class.php 第 147 行.
SQL: SELECT * FROM `archives` WHERE ( 1=1 AND userId='' ) LIMIT 1   [ RunTime:0.0000s ]
NOTIC: [8] Undefined index: Id F:\phpStudy\WWW\studentSystem\ThinkPHP\Library\Think\Model\RelationModel.class.php 第 147 行.
SQL: SELECT * FROM `archives` WHERE ( 1=1 AND userId='' ) LIMIT 1   [ RunTime:0.0000s ]
NOTIC: [8] Undefined index: Id F:\phpStudy\WWW\studentSystem\ThinkPHP\Library\Think\Model\RelationModel.class.php 第 147 行.
SQL: SELECT * FROM `archives` WHERE ( 1=1 AND userId='' ) LIMIT 1   [ RunTime:0.0000s ]
INFO: [ view_parse ] --START--
INFO: [ template_filter ] --START--
INFO: Run Behavior\ContentReplaceBehavior [ RunTime:0.000000s ]
INFO: [ template_filter ] --END-- [ RunTime:0.000000s ]
INFO: Run Behavior\ParseTemplateBehavior [ RunTime:0.005001s ]
INFO: [ view_parse ] --END-- [ RunTime:0.005001s ]
INFO: [ view_filter ] --START--
INFO: Run Behavior\WriteHtmlCacheBehavior [ RunTime:0.000000s ]
INFO: [ view_filter ] --END-- [ RunTime:0.000000s ]
INFO: [ app_end ] --START--
INFO: Run Behavior\ShowPageTraceBehavior [ RunTime:0.001000s ]
INFO: [ app_end ] --END-- [ RunTime:0.001000s ]

[ 2017-10-30T20:41:33+08:00 ] ::1 /studentSystem/
INFO: [ app_init ] --START--
INFO: Run Behavior\BuildLiteBehavior [ RunTime:0.000000s ]
INFO: [ app_init ] --END-- [ RunTime:0.000000s ]
INFO: [ app_begin ] --START--
INFO: Run Behavior\ReadHtmlCacheBehavior [ RunTime:0.001000s ]
INFO: [ app_begin ] --END-- [ RunTime:0.001000s ]
SQL: SHOW COLUMNS FROM `userinfo` [ RunTime:0.0040s ]
SQL: SELECT * FROM `userinfo` ORDER BY id desc LIMIT 10   [ RunTime:0.0000s ]
SQL: SHOW COLUMNS FROM `archives` [ RunTime:0.0030s ]
NOTIC: [8] Undefined index: Id F:\phpStudy\WWW\studentSystem\ThinkPHP\Library\Think\Model\RelationModel.class.php 第 147 行.
SQL: SELECT * FROM `archives` WHERE ( 1=1 AND userId='' ) LIMIT 1   [ RunTime:0.0000s ]
NOTIC: [8] Undefined index: Id F:\phpStudy\WWW\studentSystem\ThinkPHP\Library\Think\Model\RelationModel.class.php 第 147 行.
SQL: SELECT * FROM `archives` WHERE ( 1=1 AND userId='' ) LIMIT 1   [ RunTime:0.0000s ]
NOTIC: [8] Undefined index: Id F:\phpStudy\WWW\studentSystem\ThinkPHP\Library\Think\Model\RelationModel.class.php 第 147 行.
SQL: SELECT * FROM `archives` WHERE ( 1=1 AND userId='' ) LIMIT 1   [ RunTime:0.0000s ]
INFO: [ view_parse ] --START--
INFO: [ template_filter ] --START--
INFO: Run Behavior\ContentReplaceBehavior [ RunTime:0.000000s ]
INFO: [ template_filter ] --END-- [ RunTime:0.000000s ]
INFO: Run Behavior\ParseTemplateBehavior [ RunTime:0.005000s ]
INFO: [ view_parse ] --END-- [ RunTime:0.005000s ]
INFO: [ view_filter ] --START--
INFO: Run Behavior\WriteHtmlCacheBehavior [ RunTime:0.000000s ]
INFO: [ view_filter ] --END-- [ RunTime:0.000000s ]
INFO: [ app_end ] --START--
INFO: Run Behavior\ShowPageTraceBehavior [ RunTime:0.001000s ]
INFO: [ app_end ] --END-- [ RunTime:0.001000s ]

[ 2017-10-30T20:41:33+08:00 ] ::1 /studentSystem/
INFO: [ app_init ] --START--
INFO: Run Behavior\BuildLiteBehavior [ RunTime:0.000000s ]
INFO: [ app_init ] --END-- [ RunTime:0.000000s ]
INFO: [ app_begin ] --START--
INFO: Run Behavior\ReadHtmlCacheBehavior [ RunTime:0.001000s ]
INFO: [ app_begin ] --END-- [ RunTime:0.001000s ]
SQL: SHOW COLUMNS FROM `userinfo` [ RunTime:0.0040s ]
SQL: SELECT * FROM `userinfo` ORDER BY id desc LIMIT 10   [ RunTime:0.0010s ]
SQL: SHOW COLUMNS FROM `archives` [ RunTime:0.0040s ]
NOTIC: [8] Undefined index: Id F:\phpStudy\WWW\studentSystem\ThinkPHP\Library\Think\Model\RelationModel.class.php 第 147 行.
SQL: SELECT * FROM `archives` WHERE ( 1=1 AND userId='' ) LIMIT 1   [ RunTime:0.0000s ]
NOTIC: [8] Undefined index: Id F:\phpStudy\WWW\studentSystem\ThinkPHP\Library\Think\Model\RelationModel.class.php 第 147 行.
SQL: SELECT * FROM `archives` WHERE ( 1=1 AND userId='' ) LIMIT 1   [ RunTime:0.0000s ]
NOTIC: [8] Undefined index: Id F:\phpStudy\WWW\studentSystem\ThinkPHP\Library\Think\Model\RelationModel.class.php 第 147 行.
SQL: SELECT * FROM `archives` WHERE ( 1=1 AND userId='' ) LIMIT 1   [ RunTime:0.0010s ]
INFO: [ view_parse ] --START--
INFO: [ template_filter ] --START--
INFO: Run Behavior\ContentReplaceBehavior [ RunTime:0.000000s ]
INFO: [ template_filter ] --END-- [ RunTime:0.000000s ]
INFO: Run Behavior\ParseTemplateBehavior [ RunTime:0.005000s ]
INFO: [ view_parse ] --END-- [ RunTime:0.005000s ]
INFO: [ view_filter ] --START--
INFO: Run Behavior\WriteHtmlCacheBehavior [ RunTime:0.001000s ]
INFO: [ view_filter ] --END-- [ RunTime:0.001000s ]
INFO: [ app_end ] --START--
INFO: Run Behavior\ShowPageTraceBehavior [ RunTime:0.000000s ]
INFO: [ app_end ] --END-- [ RunTime:0.000000s ]

[ 2017-10-30T20:41:33+08:00 ] ::1 /studentSystem/
INFO: [ app_init ] --START--
INFO: Run Behavior\BuildLiteBehavior [ RunTime:0.000000s ]
INFO: [ app_init ] --END-- [ RunTime:0.001000s ]
INFO: [ app_begin ] --START--
INFO: Run Behavior\ReadHtmlCacheBehavior [ RunTime:0.000000s ]
INFO: [ app_begin ] --END-- [ RunTime:0.000000s ]
SQL: SHOW COLUMNS FROM `userinfo` [ RunTime:0.0040s ]
SQL: SELECT * FROM `userinfo` ORDER BY id desc LIMIT 10   [ RunTime:0.0000s ]
SQL: SHOW COLUMNS FROM `archives` [ RunTime:0.0040s ]
NOTIC: [8] Undefined index: Id F:\phpStudy\WWW\studentSystem\ThinkPHP\Library\Think\Model\RelationModel.class.php 第 147 行.
SQL: SELECT * FROM `archives` WHERE ( 1=1 AND userId='' ) LIMIT 1   [ RunTime:0.0000s ]
NOTIC: [8] Undefined index: Id F:\phpStudy\WWW\studentSystem\ThinkPHP\Library\Think\Model\RelationModel.class.php 第 147 行.
SQL: SELECT * FROM `archives` WHERE ( 1=1 AND userId='' ) LIMIT 1   [ RunTime:0.0000s ]
NOTIC: [8] Undefined index: Id F:\phpStudy\WWW\studentSystem\ThinkPHP\Library\Think\Model\RelationModel.class.php 第 147 行.
SQL: SELECT * FROM `archives` WHERE ( 1=1 AND userId='' ) LIMIT 1   [ RunTime:0.0000s ]
INFO: [ view_parse ] --START--
INFO: [ template_filter ] --START--
INFO: Run Behavior\ContentReplaceBehavior [ RunTime:0.000000s ]
INFO: [ template_filter ] --END-- [ RunTime:0.000000s ]
INFO: Run Behavior\ParseTemplateBehavior [ RunTime:0.004000s ]
INFO: [ view_parse ] --END-- [ RunTime:0.004000s ]
INFO: [ view_filter ] --START--
INFO: Run Behavior\WriteHtmlCacheBehavior [ RunTime:0.001000s ]
INFO: [ view_filter ] --END-- [ RunTime:0.001000s ]
INFO: [ app_end ] --START--
INFO: Run Behavior\ShowPageTraceBehavior [ RunTime:0.000000s ]
INFO: [ app_end ] --END-- [ RunTime:0.000000s ]

[ 2017-10-30T20:54:44+08:00 ] ::1 /studentSystem/index.php/Home/Index/Info.html?id=34
INFO: [ app_begin ] --START--
INFO: Run Behavior\ReadHtmlCacheBehavior [ RunTime:0.001000s ]
INFO: [ app_begin ] --END-- [ RunTime:0.001000s ]
SQL: SHOW COLUMNS FROM `userinfo` [ RunTime:0.0040s ]
SQL: SELECT * FROM `userinfo` WHERE ( id=34 ) LIMIT 1   [ RunTime:0.0090s ]
SQL: SHOW COLUMNS FROM `archives` [ RunTime:0.0040s ]
SQL: SELECT * FROM `archives` WHERE ( 1=1 AND userId='34' ) LIMIT 1   [ RunTime:0.0000s ]
INFO: [ view_parse ] --START--
INFO: [ template_filter ] --START--
INFO: Run Behavior\ContentReplaceBehavior [ RunTime:0.000000s ]
INFO: [ template_filter ] --END-- [ RunTime:0.000000s ]
NOTIC: [8] Undefined index: age F:\phpStudy\WWW\studentSystem\Application\Runtime\Cache\Home\8faa2ab9dcad9f78b4fb72c0cc48495c.php 第 24 行.
NOTIC: [8] Undefined index: email F:\phpStudy\WWW\studentSystem\Application\Runtime\Cache\Home\8faa2ab9dcad9f78b4fb72c0cc48495c.php 第 28 行.
INFO: Run Behavior\ParseTemplateBehavior [ RunTime:0.009000s ]
INFO: [ view_parse ] --END-- [ RunTime:0.009000s ]
INFO: [ view_filter ] --START--
INFO: Run Behavior\WriteHtmlCacheBehavior [ RunTime:0.001000s ]
INFO: [ view_filter ] --END-- [ RunTime:0.001000s ]
INFO: [ app_end ] --START--
INFO: Run Behavior\ShowPageTraceBehavior [ RunTime:0.000000s ]
INFO: [ app_end ] --END-- [ RunTime:0.000000s ]

[ 2017-10-30T20:57:39+08:00 ] ::1 /studentSystem/index.php/Home/Index/Edit.html?id=34
INFO: [ app_begin ] --START--
INFO: Run Behavior\ReadHtmlCacheBehavior [ RunTime:0.001000s ]
INFO: [ app_begin ] --END-- [ RunTime:0.001000s ]
SQL: SHOW COLUMNS FROM `userinfo` [ RunTime:0.0040s ]
SQL: SELECT * FROM `userinfo` WHERE ( id=34 ) LIMIT 1   [ RunTime:0.0010s ]
INFO: [ view_parse ] --START--
INFO: [ template_filter ] --START--
INFO: Run Behavior\ContentReplaceBehavior [ RunTime:0.000000s ]
INFO: [ template_filter ] --END-- [ RunTime:0.000000s ]
NOTIC: [8] Undefined index: age F:\phpStudy\WWW\studentSystem\Application\Runtime\Cache\Home\51d6d2946bd28775b8d63d39e28313c1.php 第 28 行.
NOTIC: [8] Undefined index: email F:\phpStudy\WWW\studentSystem\Application\Runtime\Cache\Home\51d6d2946bd28775b8d63d39e28313c1.php 第 34 行.
INFO: Run Behavior\ParseTemplateBehavior [ RunTime:0.028002s ]
INFO: [ view_parse ] --END-- [ RunTime:0.029002s ]
INFO: [ view_filter ] --START--
INFO: Run Behavior\WriteHtmlCacheBehavior [ RunTime:0.000000s ]
INFO: [ view_filter ] --END-- [ RunTime:0.000000s ]
INFO: [ app_end ] --START--
INFO: Run Behavior\ShowPageTraceBehavior [ RunTime:0.000000s ]
INFO: [ app_end ] --END-- [ RunTime:0.000000s ]

[ 2017-10-30T20:57:42+08:00 ] ::1 /studentSystem/index.php/Home/Index/Edit.html?id=33
INFO: [ app_begin ] --START--
INFO: Run Behavior\ReadHtmlCacheBehavior [ RunTime:0.001000s ]
INFO: [ app_begin ] --END-- [ RunTime:0.001000s ]
SQL: SHOW COLUMNS FROM `userinfo` [ RunTime:0.0040s ]
SQL: SELECT * FROM `userinfo` WHERE ( id=33 ) LIMIT 1   [ RunTime:0.0010s ]
INFO: [ view_parse ] --START--
INFO: [ template_filter ] --START--
INFO: Run Behavior\ContentReplaceBehavior [ RunTime:0.000000s ]
INFO: [ template_filter ] --END-- [ RunTime:0.000000s ]
NOTIC: [8] Undefined index: age F:\phpStudy\WWW\studentSystem\Application\Runtime\Cache\Home\51d6d2946bd28775b8d63d39e28313c1.php 第 28 行.
NOTIC: [8] Undefined index: email F:\phpStudy\WWW\studentSystem\Application\Runtime\Cache\Home\51d6d2946bd28775b8d63d39e28313c1.php 第 34 行.
INFO: Run Behavior\ParseTemplateBehavior [ RunTime:0.005001s ]
INFO: [ view_parse ] --END-- [ RunTime:0.005001s ]
INFO: [ view_filter ] --START--
INFO: Run Behavior\WriteHtmlCacheBehavior [ RunTime:0.000000s ]
INFO: [ view_filter ] --END-- [ RunTime:0.000000s ]
INFO: [ app_end ] --START--
INFO: Run Behavior\ShowPageTraceBehavior [ RunTime:0.001000s ]
INFO: [ app_end ] --END-- [ RunTime:0.001000s ]

[ 2017-10-30T20:58:47+08:00 ] ::1 /studentSystem/index.php/Home/Index/Info.html?id=34
INFO: [ app_begin ] --START--
INFO: Run Behavior\ReadHtmlCacheBehavior [ RunTime:0.000000s ]
INFO: [ app_begin ] --END-- [ RunTime:0.000000s ]
SQL: SHOW COLUMNS FROM `userinfo` [ RunTime:0.0040s ]
SQL: SELECT * FROM `userinfo` WHERE ( id=34 ) LIMIT 1   [ RunTime:0.0000s ]
SQL: SHOW COLUMNS FROM `archives` [ RunTime:0.0030s ]
SQL: SELECT * FROM `archives` WHERE ( 1=1 AND userId='34' ) LIMIT 1   [ RunTime:0.0010s ]
INFO: [ view_parse ] --START--
INFO: [ template_filter ] --START--
INFO: Run Behavior\ContentReplaceBehavior [ RunTime:0.000000s ]
INFO: [ template_filter ] --END-- [ RunTime:0.000000s ]
INFO: Run Behavior\ParseTemplateBehavior [ RunTime:0.003001s ]
INFO: [ view_parse ] --END-- [ RunTime:0.003001s ]
INFO: [ view_filter ] --START--
INFO: Run Behavior\WriteHtmlCacheBehavior [ RunTime:0.000000s ]
INFO: [ view_filter ] --END-- [ RunTime:0.000000s ]
INFO: [ app_end ] --START--
INFO: Run Behavior\ShowPageTraceBehavior [ RunTime:0.000000s ]
INFO: [ app_end ] --END-- [ RunTime:0.000000s ]

[ 2017-10-30T20:58:50+08:00 ] ::1 /studentSystem/index.php/Home/Index/Edit.html?id=34
INFO: [ app_begin ] --START--
INFO: Run Behavior\ReadHtmlCacheBehavior [ RunTime:0.000000s ]
INFO: [ app_begin ] --END-- [ RunTime:0.000000s ]
SQL: SHOW COLUMNS FROM `userinfo` [ RunTime:0.0050s ]
SQL: SELECT * FROM `userinfo` WHERE ( id=34 ) LIMIT 1   [ RunTime:0.0000s ]
INFO: [ view_parse ] --START--
INFO: [ template_filter ] --START--
INFO: Run Behavior\ContentReplaceBehavior [ RunTime:0.000000s ]
INFO: [ template_filter ] --END-- [ RunTime:0.000000s ]
NOTIC: [8] Undefined index: archives F:\phpStudy\WWW\studentSystem\Application\Runtime\Cache\Home\51d6d2946bd28775b8d63d39e28313c1.php 第 28 行.
NOTIC: [8] Undefined index: archives F:\phpStudy\WWW\studentSystem\Application\Runtime\Cache\Home\51d6d2946bd28775b8d63d39e28313c1.php 第 34 行.
INFO: Run Behavior\ParseTemplateBehavior [ RunTime:0.005001s ]
INFO: [ view_parse ] --END-- [ RunTime:0.005001s ]
INFO: [ view_filter ] --START--
INFO: Run Behavior\WriteHtmlCacheBehavior [ RunTime:0.000000s ]
INFO: [ view_filter ] --END-- [ RunTime:0.000000s ]
INFO: [ app_end ] --START--
INFO: Run Behavior\ShowPageTraceBehavior [ RunTime:0.000000s ]
INFO: [ app_end ] --END-- [ RunTime:0.000000s ]

[ 2017-10-30T20:59:32+08:00 ] ::1 /studentSystem/index.php/Home/Index/Edit.html?id=33
INFO: [ app_begin ] --START--
INFO: Run Behavior\ReadHtmlCacheBehavior [ RunTime:0.000000s ]
INFO: [ app_begin ] --END-- [ RunTime:0.001000s ]
SQL: SHOW COLUMNS FROM `userinfo` [ RunTime:0.0040s ]
SQL: SELECT * FROM `userinfo` WHERE ( id=33 ) LIMIT 1   [ RunTime:0.0000s ]
SQL: SHOW COLUMNS FROM `archives` [ RunTime:0.0040s ]
SQL: SELECT * FROM `archives` WHERE ( 1=1 AND userId='33' ) LIMIT 1   [ RunTime:0.0000s ]
INFO: [ view_parse ] --START--
INFO: [ template_filter ] --START--
INFO: Run Behavior\ContentReplaceBehavior [ RunTime:0.000000s ]
INFO: [ template_filter ] --END-- [ RunTime:0.000000s ]
INFO: Run Behavior\ParseTemplateBehavior [ RunTime:0.004000s ]
INFO: [ view_parse ] --END-- [ RunTime:0.004000s ]
INFO: [ view_filter ] --START--
INFO: Run Behavior\WriteHtmlCacheBehavior [ RunTime:0.000000s ]
INFO: [ view_filter ] --END-- [ RunTime:0.000000s ]
INFO: [ app_end ] --START--
INFO: Run Behavior\ShowPageTraceBehavior [ RunTime:0.001000s ]
INFO: [ app_end ] --END-- [ RunTime:0.001000s ]

